{"level":"info","message":"Hello distributed log files!","timestamp":"2013-01-20T07:25:42.778Z"}
{"level":"info","message":"Hello again distributed logs","timestamp":"2013-01-20T07:25:42.779Z"}

{"level":"info","message":"Hello distributed log files!","timestamp":"2013-01-24T07:17:15.410Z"}
{"level":"info","message":"Hello again distributed logs","timestamp":"2013-01-24T07:17:15.411Z"}
{"level":"info","message":"Hello distributed log files!","timestamp":"2013-01-24T07:20:21.439Z"}
{"level":"info","message":"Hello again distributed logs","timestamp":"2013-01-24T07:20:21.440Z"}
{"level":"info","message":"new user created: { accountStatus: 'pending',\n  userName: 'sean@sean.com',\n  email: 'sean@sean.com',\n  password: '$2a$10$ec3qmCm6XlRswH8vvbxC5.tfN2teXI/GJxEuyYN0uZWnC.KUVsqpi',\n  _id: 5100e0b53be70ce81f000001,\n  __v: 0,\n  loginAttempts: 0,\n  preferences: [],\n  created: Wed Jan 23 2013 23:20:21 GMT-0800 (PST) }","timestamp":"2013-01-24T07:20:21.577Z"}
{"level":"info","message":"Hello distributed log files!","timestamp":"2013-01-24T07:22:04.691Z"}
{"level":"info","message":"Hello again distributed logs","timestamp":"2013-01-24T07:22:04.692Z"}
{"level":"info","message":"new user created: { accountStatus: 'pending',\n  userName: 'sean@seanA.com',\n  email: 'sean@seana.com',\n  password: '$2a$10$rBE56nKL3Y7/wCJJdnhn7uj8COluP7sLRaf6j14ywyz7LhkDoLZvW',\n  _id: 5100e11c3be70ce81f000002,\n  __v: 0,\n  loginAttempts: 0,\n  preferences: [],\n  created: Wed Jan 23 2013 23:22:04 GMT-0800 (PST) }","timestamp":"2013-01-24T07:22:04.806Z"}
{"level":"info","message":"Hello distributed log files!","timestamp":"2013-01-24T07:22:11.475Z"}
{"level":"info","message":"Hello again distributed logs","timestamp":"2013-01-24T07:22:11.475Z"}
{"level":"info","message":"new user created: { accountStatus: 'pending',\n  userName: 'sean@seanB.com',\n  email: 'sean@seanb.com',\n  password: '$2a$10$gELto4pBgGb09MPwxE2Ma.62XUnxP3OZMPKd8D9YkdyBX3GW01N0C',\n  _id: 5100e1233be70ce81f000003,\n  __v: 0,\n  loginAttempts: 0,\n  preferences: [],\n  created: Wed Jan 23 2013 23:22:11 GMT-0800 (PST) }","timestamp":"2013-01-24T07:22:11.587Z"}
{"level":"info","message":"Hello distributed log files!","timestamp":"2013-01-24T07:22:14.959Z"}
{"level":"info","message":"Hello again distributed logs","timestamp":"2013-01-24T07:22:14.959Z"}
{"level":"info","message":"new user created: { accountStatus: 'pending',\n  userName: 'sean@seanC.com',\n  email: 'sean@seanc.com',\n  password: '$2a$10$GXSSpMo/EmUxgNtEYarQI.qgE/VQYVtqy3CbHDsbsLTzsx/VhD4tS',\n  _id: 5100e1263be70ce81f000004,\n  __v: 0,\n  loginAttempts: 0,\n  preferences: [],\n  created: Wed Jan 23 2013 23:22:14 GMT-0800 (PST) }","timestamp":"2013-01-24T07:22:15.075Z"}
{"level":"info","message":"createUser request","timestamp":"2013-01-24T07:30:40.287Z"}
{"level":"info","message":"SUCCESS new user created: { accountStatus: 'pending',\n  userName: 'sean@seand.com',\n  email: 'sean@seand.com',\n  password: '$2a$10$xSzkhiZk4MshThZOZMjh.expxJxpqWm2Y7pNY.7Fq9s2rqi1mnXbm',\n  _id: 5100e320adf56d4420000001,\n  __v: 0,\n  loginAttempts: 0,\n  preferences: [],\n  created: Wed Jan 23 2013 23:30:40 GMT-0800 (PST) }","timestamp":"2013-01-24T07:30:40.407Z"}
{"level":"info","message":"createUser request","timestamp":"2013-01-24T07:33:05.363Z"}
{"level":"info","message":"SUCCESS new user created: { accountStatus: 'pending',\n  userName: 'sean@seanE.com',\n  email: 'sean@seane.com',\n  password: '$2a$10$uTE6ExmrSUP.wj/K12tihuZi/ENJSglTCPI0SlM7mgyNu7IG86Oiq',\n  _id: 5100e3b12d32de5820000001,\n  __v: 0,\n  loginAttempts: 0,\n  preferences: [],\n  created: Wed Jan 23 2013 23:33:05 GMT-0800 (PST) }","timestamp":"2013-01-24T07:33:05.483Z"}
{"level":"info","message":"createUser request","timestamp":"2013-01-24T07:47:49.305Z"}
{"level":"info","message":"SUCCESS new user created: { accountStatus: 'pending',\n  userName: 'sean@seanF.com',\n  email: 'sean@seanf.com',\n  password: '$2a$10$tWRy7GZTBRQtHb3npF0fqu2oImk/3JYzcux3Y3cNI158a.ZjTY.Oe',\n  _id: 5100e72519e0647720000001,\n  __v: 0,\n  loginAttempts: 0,\n  preferences: [],\n  created: Wed Jan 23 2013 23:47:49 GMT-0800 (PST) }","timestamp":"2013-01-24T07:47:49.427Z"}
{"level":"info","message":"createUser request","timestamp":"2013-01-24T08:21:25.187Z"}
{"level":"info","message":"SUCCESS new user created: { accountStatus: 'pending',\n  userName: 'sean@seanG.com',\n  email: 'sean@seang.com',\n  password: '$2a$10$2R0QcZuwnx.fS1Tj07rMUO6WpS13P5bOJM5hF.PGeX05Hc4gxpIeG',\n  _id: 5100ef0504a87c4f21000001,\n  __v: 0,\n  loginAttempts: 0,\n  preferences: [],\n  created: Thu Jan 24 2013 00:21:25 GMT-0800 (PST) }","timestamp":"2013-01-24T08:21:25.310Z"}
{"level":"info","message":"createUser request","timestamp":"2013-01-24T08:22:06.834Z"}
{"level":"error","message":"save pending user token error: E11000 duplicate key error index: sf1.pendingusers.$token_1  dup key: { : \"function (){\n\tvar token = '';\n\tvar rndIndex;\n\tvar characters = ['a','b','c','d','e','f','g','h','i','j','k','l','m','n','o','p','q','r','s','t','u','v...\" }","timestamp":"2013-01-24T08:22:06.983Z"}
{"level":"info","message":"SUCCESS new user created: { accountStatus: 'pending',\n  userName: 'sean@seanZ.com',\n  email: 'sean@seanz.com',\n  password: '$2a$10$KUaTh9VfOi5Rjx.9rJ0uEOeGSIT5/R2EMa./nVbmkAlasKzZsmneK',\n  _id: 5100ef2ec1bc675921000001,\n  __v: 0,\n  loginAttempts: 0,\n  preferences: [],\n  created: Thu Jan 24 2013 00:22:06 GMT-0800 (PST) }","timestamp":"2013-01-24T08:22:06.987Z"}
{"level":"info","message":"createUser request","timestamp":"2013-01-24T08:22:43.254Z"}
{"level":"info","message":"SUCCESS new user created: { accountStatus: 'pending',\n  userName: 'sean@seanS.com',\n  email: 'sean@seans.com',\n  password: '$2a$10$s35whGofbyTkL5Vex17qjezpIL8MnIOO68/hCzzluhOIXdgHs/QQO',\n  _id: 5100ef5315228f6221000001,\n  __v: 0,\n  loginAttempts: 0,\n  preferences: [],\n  created: Thu Jan 24 2013 00:22:43 GMT-0800 (PST) }","timestamp":"2013-01-24T08:22:43.378Z"}
{"level":"info","message":"createUser request","timestamp":"2013-01-24T08:23:26.769Z"}
{"level":"info","message":"SUCCESS new user created: { accountStatus: 'pending',\n  userName: 'sean@seangg.com',\n  email: 'sean@seangg.com',\n  password: '$2a$10$rQf5BzVaINKwYOPYQnFpv.HokngIQZUkVVCSetI7wph8vm/6DU9NK',\n  _id: 5100ef7e15228f6221000003,\n  __v: 0,\n  loginAttempts: 0,\n  preferences: [],\n  created: Thu Jan 24 2013 00:23:26 GMT-0800 (PST) }","timestamp":"2013-01-24T08:23:26.883Z"}
{"level":"info","message":"createUser request","timestamp":"2013-01-24T08:23:34.581Z"}
{"level":"info","message":"SUCCESS new user created: { accountStatus: 'pending',\n  userName: 'sean@seangt.com',\n  email: 'sean@seangt.com',\n  password: '$2a$10$7l4Qrt34.edU5iEEOE.rS.7krl9S0yE5iE2dTAFWrWBpnx5JB4Bqy',\n  _id: 5100ef8615228f6221000005,\n  __v: 0,\n  loginAttempts: 0,\n  preferences: [],\n  created: Thu Jan 24 2013 00:23:34 GMT-0800 (PST) }","timestamp":"2013-01-24T08:23:34.697Z"}
{"level":"info","message":"createUser request","timestamp":"2013-01-25T06:01:32.557Z"}
{"level":"info","message":"SUCCESS new user created: { accountStatus: 'pending',\n  userName: 'adminsf1@beachair.ca',\n  email: 'adminsf1@beachair.ca',\n  password: '$2a$10$bT0o6bVEvTWsGFqFfsvvR.uGWLD.mK25yLyTUQ5Mmi4ErqnPTvZ7e',\n  _id: 51021fbc15228f6221000007,\n  __v: 0,\n  loginAttempts: 0,\n  preferences: [],\n  created: Thu Jan 24 2013 22:01:32 GMT-0800 (PST) }","timestamp":"2013-01-25T06:01:32.670Z"}
{"level":"info","message":"login attempt: [object Object]","timestamp":"2013-01-25T06:48:11.915Z"}
{"level":"warn","message":"User.getAuthenticated no error but also missing user object","timestamp":"2013-01-25T06:48:11.922Z"}
{"level":"info","message":"login attempt: [object Object]","timestamp":"2013-01-25T06:52:59.009Z"}
{"level":"info","message":"login attempt: [object Object]","timestamp":"2013-01-25T06:58:33.274Z"}
{"level":"warn","message":"User.getAuthenticated no error but also missing user object securityI18n.k18AccountNotVerified","timestamp":"2013-01-25T06:58:33.280Z"}
{"level":"info","message":"login attempt","timestamp":"2013-01-25T07:08:54.462Z"}
{"level":"info","message":"login attempt","timestamp":"2013-01-25T07:16:34.675Z"}
{"level":"warn","message":"User.getAuthenticated no error but also missing user object securityI18n.k18AccountNotActive","timestamp":"2013-01-25T07:16:34.678Z"}
{"level":"info","message":"login attempt","timestamp":"2013-01-25T07:18:18.137Z"}
{"level":"warn","message":"User.getAuthenticated no error but also missing user object securityI18n.k18AccountNotActive","timestamp":"2013-01-25T07:18:18.139Z"}
{"level":"info","message":"login attempt","timestamp":"2013-01-25T07:27:25.126Z"}
{"level":"warn","message":"User.getAuthenticated no error but also missing user object securityI18n.k18AccountNotActive","timestamp":"2013-01-25T07:27:25.127Z"}
{"level":"info","message":"login attempt","timestamp":"2013-01-25T07:27:26.137Z"}
{"level":"warn","message":"User.getAuthenticated no error but also missing user object securityI18n.k18AccountNotActive","timestamp":"2013-01-25T07:27:26.139Z"}
{"level":"info","message":"login attempt","timestamp":"2013-01-25T07:27:32.769Z"}
{"level":"warn","message":"User.getAuthenticated no error but also missing user object securityI18n.k18AccountNotActive","timestamp":"2013-01-25T07:27:32.772Z"}
{"level":"info","message":"login attempt","timestamp":"2013-01-25T07:27:42.711Z"}
{"level":"warn","message":"User.getAuthenticated no error but also missing user object securityI18n.k18AccountNotActive","timestamp":"2013-01-25T07:27:42.713Z"}
{"level":"info","message":"exports.getPendingAccountList we have accounts ","timestamp":"2013-01-25T07:49:08.345Z"}
{"level":"info","message":"exports.getPendingAccountList we have accounts ","timestamp":"2013-01-25T07:49:48.495Z"}
{"level":"info","message":"exports.getPendingAccountList we have accounts ","timestamp":"2013-01-25T07:50:20.449Z"}
{"level":"info","message":"exports.getPendingAccountList we have accounts ","timestamp":"2013-01-25T07:51:10.524Z"}
{"level":"info","message":"exports.getPendingAccountList we have accounts ","timestamp":"2013-01-26T07:24:44.836Z"}
{"level":"info","message":"createUser request","timestamp":"2013-01-29T06:50:03.865Z"}
{"level":"info","message":"new user successfully created [pending activation]: seanbrookes@beachair.ca","timestamp":"2013-01-29T06:50:04.031Z"}
{"level":"info","message":"new user pending activation token record created: { accountStatus: 'pending',\n  userName: 'seanbrookes@beachair.ca',\n  email: 'seanbrookes@beachair.ca',\n  password: '$2a$10$ZUAzIwdZpeu740ahKGLiHefe3TnrzEsDTTV4dgXNnDvPcN/egpxMy',\n  _id: 5107711b5fa820841a000001,\n  __v: 0,\n  loginAttempts: 0,\n  preferences: [],\n  created: Mon Jan 28 2013 22:50:03 GMT-0800 (PST) }","timestamp":"2013-01-29T06:50:04.057Z"}
{"level":"info","message":"login attempt","timestamp":"2013-01-29T07:09:24.282Z"}
{"level":"warn","message":"User.getAuthenticated no error but also missing user object securityI18n.k18IncorrectPassword","timestamp":"2013-01-29T07:09:24.437Z"}
{"level":"info","message":"login attempt","timestamp":"2013-01-29T07:10:23.786Z"}
{"level":"info","message":"user successfully authenticated: seanbrookes@beachair.ca","timestamp":"2013-01-29T07:10:23.920Z"}
{"level":"info","message":"createUser request","timestamp":"2013-01-29T07:12:17.655Z"}
{"level":"info","message":"new user successfully created [pending activation]: adminsf1@beachair.ca","timestamp":"2013-01-29T07:12:17.766Z"}
{"level":"info","message":"new user pending activation token record created: { accountStatus: 'pending',\n  userName: 'adminsf1@beachair.ca',\n  email: 'adminsf1@beachair.ca',\n  password: '$2a$10$Y0/wdf5kkVXRtirdcwbwFOKWCpHQHlVmVhRSOJ54A3Fcpx2Ax9TQS',\n  _id: 510776515fa820841a000003,\n  __v: 0,\n  loginAttempts: 0,\n  preferences: [],\n  created: Mon Jan 28 2013 23:12:17 GMT-0800 (PST) }","timestamp":"2013-01-29T07:12:17.769Z"}
{"level":"info","message":"login attempt","timestamp":"2013-01-29T07:18:44.016Z"}
{"level":"info","message":"user successfully authenticated: adminsf1@beachair.ca","timestamp":"2013-01-29T07:18:44.132Z"}
{"level":"info","message":"login attempt","timestamp":"2013-01-29T07:22:29.023Z"}
{"level":"info","message":"user successfully authenticated: adminsf1@beachair.ca","timestamp":"2013-01-29T07:22:29.135Z"}
{"level":"info","message":"login attempt","timestamp":"2013-01-29T07:34:33.006Z"}
{"level":"info","message":"login attempt","timestamp":"2013-01-29T07:34:52.378Z"}
{"level":"info","message":"login attempt","timestamp":"2013-01-29T07:36:33.074Z"}
{"level":"info","message":"user successfully authenticated: adminsf1@beachair.ca","timestamp":"2013-01-29T07:36:33.188Z"}
{"level":"info","message":"login attempt","timestamp":"2013-01-29T07:37:35.248Z"}
{"level":"info","message":"user successfully authenticated: adminsf1@beachair.ca","timestamp":"2013-01-29T07:37:35.361Z"}
{"level":"info","message":"login attempt","timestamp":"2013-01-30T07:45:09.719Z"}
{"level":"info","message":"user successfully authenticated: adminsf1@beachair.ca","timestamp":"2013-01-30T07:45:09.861Z"}
{"level":"info","message":"login attempt","timestamp":"2013-01-31T07:20:13.797Z"}
{"level":"info","message":"user successfully authenticated: adminsf1@beachair.ca","timestamp":"2013-01-31T07:20:13.932Z"}
{"level":"info","message":"login attempt","timestamp":"2013-02-03T19:56:30.633Z"}
{"level":"info","message":"login attempt","timestamp":"2013-02-22T15:51:28.798Z"}
{"level":"info","message":"login attempt","timestamp":"2013-02-22T16:01:59.609Z"}
{"level":"info","message":"login attempt","timestamp":"2013-02-28T06:53:42.002Z"}
{"level":"info","message":"login attempt","timestamp":"2013-03-01T05:53:01.898Z"}
{"level":"info","message":"login attempt","timestamp":"2013-03-01T16:02:24.129Z"}
{"level":"info","message":"login attempt","timestamp":"2013-03-02T00:54:01.947Z"}
{"level":"info","message":"login attempt","timestamp":"2013-03-02T16:44:41.283Z"}
{"level":"info","message":"createUser request","timestamp":"2013-03-02T16:46:48.618Z"}
{"level":"info","message":"new user successfully created [pending activation]: s@s.com","timestamp":"2013-03-02T16:46:48.759Z"}
{"level":"info","message":"login attempt","timestamp":"2013-03-02T16:55:14.180Z"}
{"level":"info","message":"login attempt","timestamp":"2013-03-03T15:19:08.558Z"}
{"level":"info","message":"login attempt","timestamp":"2013-03-03T15:22:59.841Z"}
{"level":"info","message":"login attempt","timestamp":"2013-03-14T15:15:50.143Z"}
{"level":"info","message":"createUser request","timestamp":"2013-03-14T15:16:36.962Z"}
{"level":"info","message":"new user successfully created [pending activation]: x@x.com","timestamp":"2013-03-14T15:16:37.077Z"}
{"level":"info","message":"createUser request","timestamp":"2013-03-14T15:17:40.692Z"}
{"level":"warn","message":"createUser request: user already exists{\"userName\":\"seanbrookes@beachair.ca\",\"email\":\"seanbrookes@beachair.ca\",\"password\":\"hawkeye4\",\"activationToken\":\"14eh9on4\",\"accountStatus\":\"pending\"}","timestamp":"2013-03-14T15:17:40.695Z"}
{"level":"info","message":"createUser request","timestamp":"2013-03-14T15:17:47.786Z"}
{"level":"warn","message":"createUser request: user already exists{\"userName\":\"seanbrookes@beachair.ca\",\"email\":\"seanbrookes@beachair.ca\",\"password\":\"hawkeye4\",\"activationToken\":\"tm2wo2v6\",\"accountStatus\":\"pending\"}","timestamp":"2013-03-14T15:17:47.791Z"}
{"level":"info","message":"createUser request","timestamp":"2013-03-14T15:17:48.321Z"}
{"level":"warn","message":"createUser request: user already exists{\"userName\":\"seanbrookes@beachair.ca\",\"email\":\"seanbrookes@beachair.ca\",\"password\":\"hawkeye4\",\"activationToken\":\"w4e3jj0m\",\"accountStatus\":\"pending\"}","timestamp":"2013-03-14T15:17:48.323Z"}
{"level":"info","message":"createUser request","timestamp":"2013-03-14T15:17:48.631Z"}
{"level":"warn","message":"createUser request: user already exists{\"userName\":\"seanbrookes@beachair.ca\",\"email\":\"seanbrookes@beachair.ca\",\"password\":\"hawkeye4\",\"activationToken\":\"0z28r8gs\",\"accountStatus\":\"pending\"}","timestamp":"2013-03-14T15:17:48.634Z"}
{"level":"info","message":"createUser request","timestamp":"2013-03-14T15:17:48.891Z"}
{"level":"warn","message":"createUser request: user already exists{\"userName\":\"seanbrookes@beachair.ca\",\"email\":\"seanbrookes@beachair.ca\",\"password\":\"hawkeye4\",\"activationToken\":\"wn8epjqt\",\"accountStatus\":\"pending\"}","timestamp":"2013-03-14T15:17:48.895Z"}
{"level":"info","message":"createUser request","timestamp":"2013-03-14T15:17:49.173Z"}
{"level":"warn","message":"createUser request: user already exists{\"userName\":\"seanbrookes@beachair.ca\",\"email\":\"seanbrookes@beachair.ca\",\"password\":\"hawkeye4\",\"activationToken\":\"u8lnvundefinedq1\",\"accountStatus\":\"pending\"}","timestamp":"2013-03-14T15:17:49.175Z"}
{"level":"info","message":"createUser request","timestamp":"2013-03-14T15:20:30.979Z"}
{"level":"warn","message":"createUser request: user already exists{\"userName\":\"seanbrookes@beachair.ca\",\"email\":\"seanbrookes@beachair.ca\",\"password\":\"hawkeye4\",\"activationToken\":\"hfytr8j9\",\"accountStatus\":\"pending\"}","timestamp":"2013-03-14T15:20:30.980Z"}
{"level":"info","message":"login attempt","timestamp":"2013-03-14T15:21:28.644Z"}
{"level":"info","message":"login attempt","timestamp":"2013-03-14T15:23:46.127Z"}
{"level":"info","message":"login attempt","timestamp":"2013-03-14T15:25:46.168Z"}
{"level":"info","message":"login attempt","timestamp":"2013-03-14T15:26:40.302Z"}
{"level":"info","message":"login attempt","timestamp":"2013-03-14T15:38:17.674Z"}
{"level":"info","message":"login attempt","timestamp":"2013-03-14T15:39:01.245Z"}
{"level":"info","message":"login attempt","timestamp":"2013-03-14T15:39:24.682Z"}
{"level":"info","message":"login attempt","timestamp":"2013-03-14T15:39:31.951Z"}
{"level":"info","message":"login attempt","timestamp":"2013-03-14T15:42:09.700Z"}
{"level":"info","message":"{\"email\":\"seanbrookes@beachair.ca\",\"password\":\"hawkeye4\"}","timestamp":"2013-03-14T15:42:09.702Z"}
{"level":"info","message":"login attempt","timestamp":"2013-03-14T15:47:48.774Z"}
{"level":"info","message":"{\"email\":\"seanbrookes@beachair.ca\",\"password\":\"hawkeye4\"}","timestamp":"2013-03-14T15:47:48.775Z"}
{"level":"info","message":"login attempt","timestamp":"2013-03-14T15:51:58.109Z"}
{"level":"info","message":"{\"email\":\"seanbrookes@beachair.ca\",\"password\":\"hawkeye4\"}","timestamp":"2013-03-14T15:51:58.110Z"}
{"level":"info","message":"login attempt","timestamp":"2013-03-15T04:54:23.219Z"}
{"level":"info","message":"{\"email\":\"seanbrookes@beachair.ca\",\"password\":\"hawkeye4\"}","timestamp":"2013-03-15T04:54:23.220Z"}
{"level":"info","message":"login attempt","timestamp":"2013-03-15T05:47:19.045Z"}
{"level":"info","message":"{\"email\":\"seanbrookes@beachair.ca\",\"password\":\"hawkeye4\"}","timestamp":"2013-03-15T05:47:19.047Z"}
{"level":"info","message":"login attempt","timestamp":"2013-03-16T15:38:27.708Z"}
{"level":"info","message":"{\"email\":\"seanbrookes@beachair.ca\",\"password\":\"hawkeye4\"}","timestamp":"2013-03-16T15:38:27.709Z"}
{"level":"info","message":"login attempt","timestamp":"2013-03-16T16:06:46.328Z"}
{"level":"info","message":"exports.postAuthenticate - request made with no req.body","timestamp":"2013-03-16T16:06:46.330Z"}
{"level":"info","message":"login attempt","timestamp":"2013-03-16T16:07:58.602Z"}
{"level":"info","message":"exports.postAuthenticate - request made with no req.body","timestamp":"2013-03-16T16:07:58.604Z"}
{"level":"info","message":"login attempt","timestamp":"2013-03-16T16:10:26.856Z"}
{"level":"info","message":"{\"email\":\"seanbrookes@beachair.ca\",\"password\":\"hawkeye4\"}","timestamp":"2013-03-16T16:10:26.858Z"}
{"level":"info","message":"login attempt","timestamp":"2013-03-16T16:12:23.765Z"}
{"level":"info","message":"{\"email\":\"seanbrookes@beachair.ca\",\"password\":\"hawkeye4\"}","timestamp":"2013-03-16T16:12:23.767Z"}
{"level":"info","message":"login attempt","timestamp":"2013-03-16T16:13:53.185Z"}
{"level":"info","message":"{\"email\":\"seanbrookes@beachair.ca\",\"password\":\"hawkeye4\"}","timestamp":"2013-03-16T16:13:53.186Z"}
{"level":"info","message":"login attempt","timestamp":"2013-03-16T16:25:28.600Z"}
{"level":"info","message":"{\"email\":\"seanbrookes@beachair.ca\",\"password\":\"hawkeye4\"}","timestamp":"2013-03-16T16:25:28.602Z"}
{"level":"info","message":"login attempt","timestamp":"2013-03-17T14:51:09.397Z"}
{"level":"info","message":"{\"email\":\"seanbrookes@beachair.ca\",\"password\":\"hawkeye4\"}","timestamp":"2013-03-17T14:51:09.398Z"}
{"level":"info","message":"login attempt","timestamp":"2013-03-17T15:31:17.387Z"}
{"level":"info","message":"{\"email\":\"seanbrookes@beachair.ca\",\"password\":\"hawkeye4\"}","timestamp":"2013-03-17T15:31:17.388Z"}
{"level":"info","message":"login attempt","timestamp":"2013-03-17T15:38:18.387Z"}
{"level":"info","message":"{\"email\":\"seanbrookes@beachair.ca\",\"password\":\"hawkeye4\"}","timestamp":"2013-03-17T15:38:18.388Z"}
{"level":"info","message":"login attempt","timestamp":"2013-03-17T16:07:27.478Z"}
{"level":"info","message":"{\"email\":\"seanbrookes@beachair.ca\",\"password\":\"hawkeye4\"}","timestamp":"2013-03-17T16:07:27.479Z"}
{"level":"info","message":"login attempt","timestamp":"2013-03-17T16:15:20.300Z"}
{"level":"info","message":"{\"email\":\"seanbrookes@beachair.ca\",\"password\":\"hawkeye4\"}","timestamp":"2013-03-17T16:15:20.302Z"}
{"level":"info","message":"GET ROSTER: mashers","timestamp":"2013-03-21T06:07:12.381Z"}
{"level":"info","message":"GET ROSTER: mashers","timestamp":"2013-03-21T06:13:24.827Z"}
{"level":"info","message":"GET ROSTER: mashers","timestamp":"2013-03-21T06:14:26.923Z"}
{"level":"info","message":"GET ROSTER: mashers","timestamp":"2013-03-21T06:21:53.039Z"}
{"level":"info","message":"GET ROSTER: hooters","timestamp":"2013-03-21T06:36:21.743Z"}
{"level":"info","message":"GET ROSTER: hooters","timestamp":"2013-03-21T06:37:36.357Z"}
{"level":"info","message":"GET ROSTER: mashers","timestamp":"2013-03-21T07:06:46.628Z"}
{"level":"info","message":"GET ROSTER: stallions","timestamp":"2013-03-21T07:20:18.152Z"}
{"level":"info","message":"GET ROSTER: mashers","timestamp":"2013-03-21T07:22:56.591Z"}
{"level":"info","message":"GET ROSTER: hooters","timestamp":"2013-03-22T02:10:18.433Z"}
{"level":"info","message":"GET ROSTER: hooters","timestamp":"2013-03-22T02:13:14.154Z"}
{"level":"info","message":"GET ROSTER: hooters","timestamp":"2013-03-22T02:29:18.453Z"}
{"level":"info","message":"GET ROSTER: mashers","timestamp":"2013-03-22T02:56:47.692Z"}
{"level":"info","message":"GET ROSTER: mashers","timestamp":"2013-03-22T04:28:43.088Z"}
{"level":"info","message":"GET ROSTER: stallions","timestamp":"2013-03-22T04:58:01.400Z"}
{"level":"info","message":"GET ROSTER: bashers","timestamp":"2013-03-22T05:32:46.397Z"}
{"level":"info","message":"GET ROSTER: hooters","timestamp":"2013-03-22T05:57:55.596Z"}
{"level":"info","message":"GET ROSTER: hooters","timestamp":"2013-03-22T06:06:50.674Z"}
{"level":"info","message":"GET ROSTER: hooters","timestamp":"2013-03-22T06:44:48.553Z"}
{"level":"info","message":"playerId: undefined","timestamp":"2013-03-22T06:47:36.857Z"}
{"level":"info","message":"draftStatus: undefined","timestamp":"2013-03-22T06:47:36.858Z"}
{"level":"info","message":"GET ROSTER: hooters","timestamp":"2013-03-22T06:56:52.240Z"}
{"level":"info","message":"GET ROSTER: hooters","timestamp":"2013-03-22T07:05:38.319Z"}
{"level":"info","message":"GET ROSTER: rallycaps","timestamp":"2013-03-22T07:27:36.886Z"}
{"level":"info","message":"playerId: 514bc83262faf2c00d000088","timestamp":"2013-03-22T07:28:41.699Z"}
{"level":"info","message":"draftStatus: bubble","timestamp":"2013-03-22T07:28:41.699Z"}
{"level":"info","message":"rosterSlug: rallycaps","timestamp":"2013-03-22T07:28:41.699Z"}
{"level":"info","message":"GET ROSTER: rallycaps","timestamp":"2013-03-22T07:30:29.542Z"}
{"level":"info","message":"GET ROSTER: rallycaps","timestamp":"2013-03-23T02:33:03.161Z"}
{"level":"info","message":"GET ROSTER: rallycaps","timestamp":"2013-03-23T04:07:12.451Z"}
{"level":"info","message":"GET ROSTER: rallycaps","timestamp":"2013-03-23T04:10:28.453Z"}
{"level":"info","message":"GET ROSTER: rallycaps","timestamp":"2013-03-23T04:12:11.112Z"}
{"level":"info","message":"GET ROSTER: rallycaps","timestamp":"2013-03-23T04:29:54.271Z"}
{"level":"info","message":"GET ROSTER: rallycaps","timestamp":"2013-03-23T04:35:33.466Z"}
{"level":"info","message":"GET ROSTER: rallycaps","timestamp":"2013-03-23T04:54:13.245Z"}
{"level":"info","message":"GET ROSTER: rallycaps","timestamp":"2013-03-23T06:19:52.984Z"}
{"level":"info","message":"GET ROSTER: bashers","timestamp":"2013-03-23T06:51:35.731Z"}
{"level":"info","message":"GET ROSTER: rallycaps","timestamp":"2013-03-23T16:13:26.173Z"}
{"level":"info","message":"GET ROSTER: rallycaps","timestamp":"2013-03-23T20:39:51.402Z"}
{"level":"info","message":"GET ROSTER: hooters","timestamp":"2013-03-24T06:02:51.697Z"}
{"level":"info","message":"GET ROSTER: hooters","timestamp":"2013-03-25T07:53:29.992Z"}
{"level":"info","message":"GET ROSTER: mashers","timestamp":"2013-03-25T14:27:32.054Z"}
{"level":"info","message":"GET ROSTER: stallions","timestamp":"2013-03-26T06:31:36.571Z"}
{"level":"info","message":"GET ROSTER: stallions","timestamp":"2013-03-26T06:55:56.589Z"}
{"level":"info","message":"GET ROSTER: bashers","timestamp":"2013-03-26T14:42:45.705Z"}
{"level":"info","message":"GET ROSTER: hooters","timestamp":"2013-03-27T02:40:58.982Z"}
{"level":"info","message":"GET ROSTER: hooters","timestamp":"2013-03-27T04:50:37.963Z"}
{"level":"info","message":"GET ROSTER: hooters","timestamp":"2013-03-27T06:37:35.026Z"}
{"level":"info","message":"GET ROSTER: stallions","timestamp":"2013-03-28T00:59:37.702Z"}
{"level":"info","message":"GET ROSTER: bashers","timestamp":"2013-03-28T02:18:03.065Z"}
{"level":"info","message":"GET ROSTER: stallions","timestamp":"2013-03-29T07:23:09.077Z"}
{"level":"info","message":"GET ROSTER: hooters","timestamp":"2013-03-29T20:57:53.788Z"}
{"level":"info","message":"GET ROSTER: bashers","timestamp":"2013-03-29T21:51:55.762Z"}
{"level":"info","message":"GET ROSTER: bashers","timestamp":"2013-03-29T22:03:11.365Z"}
{"level":"info","message":"playerid: 514bc83062faf2c00d000066   oldRoster: bashers  newRoster: rallycaps","timestamp":"2013-03-29T22:05:03.750Z"}
{"level":"info","message":"GET ROSTER: bashers","timestamp":"2013-03-29T22:05:57.416Z"}
{"level":"info","message":"GET ROSTER: bashers","timestamp":"2013-03-29T22:08:30.501Z"}
{"level":"info","message":"GET ROSTER: bashers","timestamp":"2013-03-29T22:18:08.672Z"}
{"level":"info","message":"GET ROSTER: bashers","timestamp":"2013-03-29T22:19:24.573Z"}
{"level":"info","message":"GET ROSTER: bashers","timestamp":"2013-03-29T22:22:12.141Z"}
{"level":"info","message":"GET ROSTER: bashers","timestamp":"2013-03-29T22:28:09.695Z"}
{"level":"info","message":"GET ROSTER: bashers","timestamp":"2013-03-29T22:32:11.903Z"}
{"level":"info","message":"GET ROSTER: bashers","timestamp":"2013-03-29T22:33:48.265Z"}
{"level":"info","message":"GET ROSTER: bashers","timestamp":"2013-03-29T22:35:09.078Z"}
{"level":"info","message":"GET ROSTER: bashers","timestamp":"2013-03-29T22:35:59.815Z"}
{"level":"info","message":"GET ROSTER: bashers","timestamp":"2013-03-29T22:36:29.504Z"}
{"level":"info","message":"playerid: 514bc83062faf2c00d000062   oldRoster: bashers  newRoster: hooters","timestamp":"2013-03-29T22:37:06.250Z"}
{"level":"info","message":"GET ROSTER: bashers","timestamp":"2013-03-29T22:37:42.664Z"}
{"level":"info","message":"GET ROSTER: bashers","timestamp":"2013-03-29T22:41:09.067Z"}
{"level":"info","message":"GET ROSTER: bashers","timestamp":"2013-03-29T22:42:06.185Z"}
{"level":"info","message":"GET ROSTER: bashers","timestamp":"2013-03-29T22:47:09.009Z"}
{"level":"info","message":"GET ROSTER: bashers","timestamp":"2013-03-29T22:52:58.007Z"}
{"level":"info","message":"GET ROSTER: bashers","timestamp":"2013-03-29T22:54:14.814Z"}
{"level":"info","message":"GET ROSTER: bashers","timestamp":"2013-03-29T22:57:35.701Z"}
{"level":"info","message":"GET ROSTER: bashers","timestamp":"2013-03-29T23:02:18.678Z"}
{"level":"info","message":"GET ROSTER: bashers","timestamp":"2013-03-29T23:03:11.489Z"}
{"level":"info","message":"GET ROSTER: bashers","timestamp":"2013-03-29T23:05:42.008Z"}
{"level":"info","message":"GET ROSTER: bashers","timestamp":"2013-03-29T23:06:28.726Z"}
{"level":"info","message":"GET ROSTER: bashers","timestamp":"2013-03-29T23:07:29.808Z"}
{"level":"info","message":"GET ROSTER: bashers","timestamp":"2013-03-29T23:08:11.351Z"}
{"level":"info","message":"GET ROSTER: bashers","timestamp":"2013-03-29T23:09:15.175Z"}
{"level":"info","message":"GET ROSTER: bashers","timestamp":"2013-03-29T23:09:38.341Z"}
{"level":"info","message":"playerid: 514bc83062faf2c00d000064   oldRoster: bashers  newRoster: mashers","timestamp":"2013-03-29T23:10:32.656Z"}
{"level":"info","message":"playerid: 514bc83062faf2c00d00006a   oldRoster: bashers  newRoster: mashers","timestamp":"2013-03-29T23:11:00.455Z"}
{"level":"info","message":"playerid: 514bc83062faf2c00d00006b   oldRoster: bashers  newRoster: hooters","timestamp":"2013-03-29T23:12:15.451Z"}
{"level":"info","message":"GET ROSTER: bashers","timestamp":"2013-03-29T23:13:20.422Z"}
{"level":"info","message":"GET ROSTER: bashers","timestamp":"2013-03-29T23:27:06.647Z"}
{"level":"info","message":"GET ROSTER: bashers","timestamp":"2013-03-29T23:34:41.979Z"}
{"level":"info","message":"playerid: 514bc2b3801efd1f0d000062   oldRoster: stallions  newRoster: rallycaps","timestamp":"2013-03-29T23:36:03.711Z"}
{"level":"info","message":"GET ROSTER: bashers","timestamp":"2013-03-30T02:30:28.595Z"}
{"level":"info","message":"GET ROSTER: bashers","timestamp":"2013-03-30T02:33:01.915Z"}
{"level":"info","message":"GET ROSTER: bashers","timestamp":"2013-03-30T02:34:24.221Z"}
{"level":"info","message":"GET ROSTER: hooters","timestamp":"2013-03-30T02:42:26.446Z"}
{"level":"info","message":"GET ROSTER: hooters","timestamp":"2013-03-30T02:45:12.116Z"}
{"level":"info","message":"GET ROSTER: hooters","timestamp":"2013-03-30T04:28:05.442Z"}
{"level":"info","message":"GET ROSTER: hooters","timestamp":"2013-03-30T04:43:58.138Z"}
{"level":"info","message":"playerid: 514bc7e862faf2c00d000007   oldRoster: hooters  newRoster: rallycaps","timestamp":"2013-03-30T05:01:40.647Z"}
{"level":"info","message":"GET ROSTER: mashers","timestamp":"2013-03-30T05:04:36.877Z"}
{"level":"info","message":"GET ROSTER: rallycaps","timestamp":"2013-03-30T05:05:54.926Z"}
{"level":"info","message":"playerid: 514bc83062faf2c00d000064   oldRoster: mashers  newRoster: rallycaps","timestamp":"2013-03-30T05:07:55.361Z"}
{"level":"info","message":"playerid: 514bc83062faf2c00d000066   oldRoster: hooters  newRoster: rallycaps","timestamp":"2013-03-30T05:09:11.451Z"}
{"level":"info","message":"GET ROSTER: hooters","timestamp":"2013-03-30T05:09:34.522Z"}
{"level":"info","message":"GET ROSTER: hooters","timestamp":"2013-03-30T05:12:17.308Z"}
{"level":"info","message":"playerid: 514bc83362faf2c00d000096   oldRoster: rallycaps  newRoster: bashers","timestamp":"2013-03-30T05:33:27.896Z"}
{"level":"error","message":{},"timestamp":"2013-03-30T08:07:03.050Z"}
{"level":"error","message":{},"timestamp":"2013-03-30T08:10:27.577Z"}
{"level":"info","message":"roster:  stallions","timestamp":"2013-03-30T08:39:28.031Z"}
{"level":"info","message":"roster:  stallions","timestamp":"2013-03-30T08:41:50.877Z"}
{"level":"info","message":"roster:  stallions","timestamp":"2013-03-30T08:44:42.236Z"}
{"level":"info","message":"roster:  bashers","timestamp":"2013-03-30T08:52:33.294Z"}
{"level":"info","message":"roster:  bashers","timestamp":"2013-03-30T14:22:04.885Z"}
{"level":"info","message":"rosterPos: RF","timestamp":"2013-03-31T07:42:10.581Z"}
{"level":"info","message":"rosterPos: 1B","timestamp":"2013-03-31T08:31:45.425Z"}
{"message":500,"name":"ValidationError","errors":{"players.30.playerStatus":{"message":"Validator \"required\" failed for path playerStatus","name":"ValidatorError","path":"playerStatus","type":"required"},"players.30.draftStatus":{"message":"Validator \"required\" failed for path draftStatus","name":"ValidatorError","path":"draftStatus","type":"required"},"players.30.posType":{"message":"Validator \"required\" failed for path posType","name":"ValidatorError","path":"posType","type":"required"}},"level":"error","timestamp":"2013-04-02T05:49:00.622Z"}
{"message":500,"name":"ValidationError","errors":{"players.30.playerStatus":{"message":"Validator \"required\" failed for path playerStatus","name":"ValidatorError","path":"playerStatus","type":"required"},"players.30.draftStatus":{"message":"Validator \"required\" failed for path draftStatus","name":"ValidatorError","path":"draftStatus","type":"required"},"players.30.posType":{"message":"Validator \"required\" failed for path posType","name":"ValidatorError","path":"posType","type":"required"}},"level":"error","timestamp":"2013-04-02T05:56:30.501Z"}
{"level":"info","message":"update player:514bc2b3801efd1f0d000068  roseter: hooters  mlbid: 134181","timestamp":"2013-04-05T03:20:10.512Z"}
{"level":"info","message":"update player:514bc82b62faf2c00d000053  roseter: bashers  mlbid: 150229","timestamp":"2013-04-05T04:17:42.633Z"}
{"level":"info","message":"update player:514bc82b62faf2c00d000053  roseter: bashers  mlbid: 150229","timestamp":"2013-04-05T04:22:12.211Z"}
{"level":"info","message":"update player:514bc82b62faf2c00d000053  roseter: stallions  mlbid: 276055","timestamp":"2013-04-05T04:34:09.367Z"}
{"level":"info","message":"update player:514bc7e862faf2c00d000018  roseter: bashers  mlbid: 452252","timestamp":"2013-04-05T04:38:37.654Z"}
{"level":"info","message":"update player:514bc7e862faf2c00d00001a  roseter: hooters  mlbid: 282332","timestamp":"2013-04-05T06:44:21.000Z"}
{"level":"error","message":{"message":"Cast to date failed for value \"function now() { [native code] }\"","name":"CastError","type":"date"},"timestamp":"2013-04-06T05:17:15.886Z"}
{"level":"info","message":"update player:514bc83062faf2c00d00007c  roseter: bashers  mlbid: 434378","timestamp":"2013-04-06T15:04:12.786Z"}
{"level":"info","message":"update player:514bc83362faf2c00d00009b  roseter: bashers  mlbid: 468396","timestamp":"2013-04-07T14:42:12.420Z"}
{"level":"info","message":"rosterPos: 2B","timestamp":"2013-04-07T15:29:05.585Z"}
{"level":"info","message":"rosterPos: 2B","timestamp":"2013-04-07T15:39:21.233Z"}
{"level":"info","message":"rosterPos: C","timestamp":"2013-04-07T15:47:06.391Z"}
{"level":"info","message":"rosterPos: 1B","timestamp":"2013-04-07T15:49:25.941Z"}
{"level":"info","message":"rosterPos: 1B","timestamp":"2013-04-07T15:53:20.099Z"}
{"level":"info","message":"rosterPos: 1B","timestamp":"2013-04-07T16:05:08.238Z"}
{"level":"info","message":"rosterPos: SP","timestamp":"2013-04-07T16:21:11.216Z"}
{"level":"info","message":"rosterPos: 2B","timestamp":"2013-04-07T17:01:08.531Z"}
{"level":"info","message":"rosterPos: 1B","timestamp":"2013-04-08T07:32:15.632Z"}
{"level":"info","message":"rosterPos: LF","timestamp":"2013-04-09T02:38:30.323Z"}
{"level":"info","message":"remove [Kelly Johnson] from rallycaps","timestamp":"2013-04-16T07:14:47.010Z"}
{"level":"info","message":"update player:514bc83062faf2c00d00007e  roseter: bashers  mlbid: 407845","timestamp":"2013-04-18T02:38:15.194Z"}
{"level":"info","message":"|  update ROSTER TOTAL:  bashers","timestamp":"2013-04-20T02:58:34.180Z"}
{"level":"info","message":"roster: undefined","timestamp":"2013-04-20T04:46:58.329Z"}
{"level":"info","message":"roster: undefined","timestamp":"2013-04-20T04:46:58.340Z"}
{"level":"info","message":"bashers","timestamp":"2013-04-20T04:49:31.688Z"}
{"level":"info","message":"bashers","timestamp":"2013-04-20T04:54:15.028Z"}
{"level":"info","message":"hooters","timestamp":"2013-04-20T04:54:15.039Z"}
{"level":"info","message":"hey: bashers","timestamp":"2013-04-20T04:55:08.148Z"}
{"level":"info","message":"hey: bashers","timestamp":"2013-04-20T04:56:38.015Z"}
{"level":"info","message":"hey: hooters","timestamp":"2013-04-20T04:56:38.026Z"}
{"level":"info","message":"hey: mashers","timestamp":"2013-04-20T04:56:38.032Z"}
{"level":"info","message":"hey: bashers","timestamp":"2013-04-20T05:01:49.558Z"}
{"level":"info","message":"| 1","timestamp":"2013-04-20T05:01:49.558Z"}
{"level":"info","message":"hey: hooters","timestamp":"2013-04-20T05:01:49.572Z"}
{"level":"info","message":"| 1","timestamp":"2013-04-20T05:01:49.572Z"}
{"level":"info","message":"hey: mashers","timestamp":"2013-04-20T05:01:49.576Z"}
{"level":"info","message":"| 1","timestamp":"2013-04-20T05:01:49.577Z"}
{"level":"info","message":"hey: rallycaps","timestamp":"2013-04-20T05:01:49.580Z"}
{"level":"info","message":"| 1","timestamp":"2013-04-20T05:01:49.581Z"}
{"level":"info","message":"hey: stallions","timestamp":"2013-04-20T05:01:49.583Z"}
{"level":"info","message":"| 1","timestamp":"2013-04-20T05:01:49.584Z"}
{"level":"info","message":"hey: undefined","timestamp":"2013-04-20T05:11:54.937Z"}
{"level":"info","message":"| 1","timestamp":"2013-04-20T05:11:54.937Z"}
{"level":"info","message":"hey: undefined","timestamp":"2013-04-20T05:11:54.947Z"}
{"level":"info","message":"| 1","timestamp":"2013-04-20T05:11:54.947Z"}
{"level":"info","message":"hey: undefined","timestamp":"2013-04-20T05:11:54.954Z"}
{"level":"info","message":"| 1","timestamp":"2013-04-20T05:11:54.954Z"}
{"level":"info","message":"hey: undefined","timestamp":"2013-04-20T05:11:54.958Z"}
{"level":"info","message":"| 1","timestamp":"2013-04-20T05:11:54.958Z"}
{"level":"info","message":"hey: 211.2","timestamp":"2013-04-20T05:12:51.531Z"}
{"level":"info","message":"| 1","timestamp":"2013-04-20T05:12:51.531Z"}
{"level":"info","message":"hey: 107.5","timestamp":"2013-04-20T05:12:51.542Z"}
{"level":"info","message":"| 1","timestamp":"2013-04-20T05:12:51.542Z"}
{"level":"info","message":"hey: 18.5","timestamp":"2013-04-20T05:12:51.548Z"}
{"level":"info","message":"| 1","timestamp":"2013-04-20T05:12:51.548Z"}
{"level":"info","message":"hey: 28.5","timestamp":"2013-04-20T05:12:51.552Z"}
{"level":"info","message":"| 1","timestamp":"2013-04-20T05:12:51.552Z"}
{"level":"info","message":"hey: undefined","timestamp":"2013-04-20T05:13:25.329Z"}
{"level":"info","message":"| 1","timestamp":"2013-04-20T05:13:25.330Z"}
{"level":"info","message":"hey: undefined","timestamp":"2013-04-20T05:13:25.340Z"}
{"level":"info","message":"| 1","timestamp":"2013-04-20T05:13:25.340Z"}
{"level":"info","message":"hey: undefined","timestamp":"2013-04-20T05:13:25.346Z"}
{"level":"info","message":"| 1","timestamp":"2013-04-20T05:13:25.346Z"}
{"level":"info","message":"hey: undefined","timestamp":"2013-04-20T05:13:25.351Z"}
{"level":"info","message":"| 1","timestamp":"2013-04-20T05:13:25.351Z"}
{"level":"info","message":"hey: 211.2","timestamp":"2013-04-20T05:17:21.382Z"}
{"level":"info","message":"| 1","timestamp":"2013-04-20T05:17:21.383Z"}
{"level":"info","message":"hey: 107.5","timestamp":"2013-04-20T05:17:21.396Z"}
{"level":"info","message":"| 1","timestamp":"2013-04-20T05:17:21.397Z"}
{"level":"info","message":"hey: 18.5","timestamp":"2013-04-20T05:17:21.400Z"}
{"level":"info","message":"| 1","timestamp":"2013-04-20T05:17:21.401Z"}
{"level":"info","message":"hey: 211.2","timestamp":"2013-04-20T05:17:54.754Z"}
{"level":"info","message":"| 1","timestamp":"2013-04-20T05:17:54.755Z"}
{"level":"info","message":"hey: 107.5","timestamp":"2013-04-20T05:17:54.766Z"}
{"level":"info","message":"| 1","timestamp":"2013-04-20T05:17:54.767Z"}
{"level":"info","message":"hey: 211.2","timestamp":"2013-04-20T05:24:47.437Z"}
{"level":"info","message":"| 1","timestamp":"2013-04-20T05:24:47.437Z"}
{"level":"info","message":"| 2","timestamp":"2013-04-20T05:24:47.439Z"}
{"level":"info","message":"roster: undefined","timestamp":"2013-04-20T05:24:47.440Z"}
{"level":"info","message":"hey: 211.2","timestamp":"2013-04-20T05:29:12.382Z"}
{"level":"info","message":"| 1","timestamp":"2013-04-20T05:29:12.382Z"}
{"level":"info","message":"| 2","timestamp":"2013-04-20T05:29:12.384Z"}
{"level":"info","message":"roster: bashers","timestamp":"2013-04-20T05:29:12.385Z"}
{"level":"info","message":"hey: 107.5","timestamp":"2013-04-20T05:29:12.387Z"}
{"level":"info","message":"| 1","timestamp":"2013-04-20T05:29:12.387Z"}
{"level":"info","message":"| 2","timestamp":"2013-04-20T05:29:12.388Z"}
{"level":"info","message":"roster: hooters","timestamp":"2013-04-20T05:29:12.388Z"}
{"level":"info","message":"hey: 18.5","timestamp":"2013-04-20T05:29:12.393Z"}
{"level":"info","message":"| 1","timestamp":"2013-04-20T05:29:12.393Z"}
{"level":"info","message":"| 2","timestamp":"2013-04-20T05:29:12.393Z"}
{"level":"info","message":"roster: mashers","timestamp":"2013-04-20T05:29:12.393Z"}
{"level":"info","message":"hey: 28.5","timestamp":"2013-04-20T05:29:12.396Z"}
{"level":"info","message":"| 1","timestamp":"2013-04-20T05:29:12.396Z"}
{"level":"info","message":"| 2","timestamp":"2013-04-20T05:29:12.396Z"}
{"level":"info","message":"roster: stallions","timestamp":"2013-04-20T05:29:12.396Z"}
{"level":"info","message":"hey: 211.2","timestamp":"2013-04-20T05:36:28.044Z"}
{"level":"info","message":"| 1","timestamp":"2013-04-20T05:36:28.044Z"}
{"level":"info","message":"| 2","timestamp":"2013-04-20T05:36:28.047Z"}
{"level":"info","message":"roster: bashers","timestamp":"2013-04-20T05:36:28.047Z"}
{"level":"info","message":"hey: 107.5","timestamp":"2013-04-20T05:36:28.049Z"}
{"level":"info","message":"| 1","timestamp":"2013-04-20T05:36:28.050Z"}
{"level":"info","message":"| 2","timestamp":"2013-04-20T05:36:28.050Z"}
{"level":"info","message":"roster: hooters","timestamp":"2013-04-20T05:36:28.051Z"}
{"level":"info","message":"hey: 211.2","timestamp":"2013-04-20T05:37:56.054Z"}
{"level":"info","message":"| 1","timestamp":"2013-04-20T05:37:56.055Z"}
{"level":"info","message":"| 2","timestamp":"2013-04-20T05:37:56.057Z"}
{"level":"info","message":"roster: bashers","timestamp":"2013-04-20T05:37:56.057Z"}
{"level":"info","message":"hey: 211.2","timestamp":"2013-04-20T05:38:16.737Z"}
{"level":"info","message":"| 1","timestamp":"2013-04-20T05:38:16.738Z"}
{"level":"info","message":"| 2","timestamp":"2013-04-20T05:38:16.741Z"}
{"level":"info","message":"roster: bashers","timestamp":"2013-04-20T05:38:16.741Z"}
{"level":"info","message":"hey: 211.2","timestamp":"2013-04-20T05:39:20.573Z"}
{"level":"info","message":"| 1","timestamp":"2013-04-20T05:39:20.573Z"}
{"level":"info","message":"| 2","timestamp":"2013-04-20T05:39:20.575Z"}
{"level":"info","message":"roster: bashers","timestamp":"2013-04-20T05:39:20.575Z"}
{"level":"info","message":"hey: 107.5","timestamp":"2013-04-20T05:39:20.578Z"}
{"level":"info","message":"| 1","timestamp":"2013-04-20T05:39:20.578Z"}
{"level":"info","message":"| 2","timestamp":"2013-04-20T05:39:20.579Z"}
{"level":"info","message":"roster: hooters","timestamp":"2013-04-20T05:39:20.579Z"}
{"level":"info","message":"hey: 211.2","timestamp":"2013-04-20T05:40:02.470Z"}
{"level":"info","message":"| 1","timestamp":"2013-04-20T05:40:02.470Z"}
{"level":"info","message":"| 2","timestamp":"2013-04-20T05:40:02.472Z"}
{"level":"info","message":"roster: bashers","timestamp":"2013-04-20T05:40:02.473Z"}
{"level":"info","message":"after total find","timestamp":"2013-04-20T05:40:02.473Z"}
{"level":"info","message":"hey: 211.2","timestamp":"2013-04-20T05:42:17.453Z"}
{"level":"info","message":"| 1","timestamp":"2013-04-20T05:42:17.454Z"}
{"level":"info","message":"| 2","timestamp":"2013-04-20T05:42:17.456Z"}
{"level":"info","message":"roster: bashers","timestamp":"2013-04-20T05:42:17.456Z"}
{"level":"info","message":"after total find","timestamp":"2013-04-20T05:42:17.458Z"}
{"level":"info","message":"hey: 107.5","timestamp":"2013-04-20T05:42:17.461Z"}
{"level":"info","message":"| 1","timestamp":"2013-04-20T05:42:17.461Z"}
{"level":"info","message":"| 2","timestamp":"2013-04-20T05:42:17.462Z"}
{"level":"info","message":"roster: hooters","timestamp":"2013-04-20T05:42:17.462Z"}
{"level":"info","message":"after total find","timestamp":"2013-04-20T05:42:17.463Z"}
{"level":"info","message":"hey: 18.5","timestamp":"2013-04-20T05:42:17.467Z"}
{"level":"info","message":"| 1","timestamp":"2013-04-20T05:42:17.468Z"}
{"level":"info","message":"| 2","timestamp":"2013-04-20T05:42:17.468Z"}
{"level":"info","message":"roster: mashers","timestamp":"2013-04-20T05:42:17.468Z"}
{"level":"info","message":"after total find","timestamp":"2013-04-20T05:42:17.468Z"}
{"level":"info","message":"hey: 211.2","timestamp":"2013-04-20T05:46:52.731Z"}
{"level":"info","message":"| 1","timestamp":"2013-04-20T05:46:52.732Z"}
{"level":"info","message":"| 2","timestamp":"2013-04-20T05:46:52.734Z"}
{"level":"info","message":"roster: bashers","timestamp":"2013-04-20T05:46:52.734Z"}
{"level":"info","message":"after total find","timestamp":"2013-04-20T05:46:52.736Z"}
{"level":"info","message":"hey: 211.2","timestamp":"2013-04-20T05:47:59.722Z"}
{"level":"info","message":"| 1","timestamp":"2013-04-20T05:47:59.723Z"}
{"level":"info","message":"| 2","timestamp":"2013-04-20T05:47:59.726Z"}
{"level":"info","message":"roster: bashers","timestamp":"2013-04-20T05:47:59.726Z"}
{"level":"info","message":"after total find","timestamp":"2013-04-20T05:47:59.729Z"}
{"level":"info","message":"hey: 211.2","timestamp":"2013-04-20T05:49:18.723Z"}
{"level":"info","message":"| 1","timestamp":"2013-04-20T05:49:18.723Z"}
{"level":"info","message":"| 2","timestamp":"2013-04-20T05:49:18.726Z"}
{"level":"info","message":"roster: bashers","timestamp":"2013-04-20T05:49:18.726Z"}
{"level":"info","message":"after total find","timestamp":"2013-04-20T05:49:18.727Z"}
{"level":"info","message":"hey: 211.2","timestamp":"2013-04-20T05:50:08.200Z"}
{"level":"info","message":"| 1","timestamp":"2013-04-20T05:50:08.201Z"}
{"level":"info","message":"| 2","timestamp":"2013-04-20T05:50:08.203Z"}
{"level":"info","message":"roster: bashers","timestamp":"2013-04-20T05:50:08.203Z"}
{"level":"info","message":"after total find","timestamp":"2013-04-20T05:50:08.203Z"}
{"level":"info","message":"hey: 211.2","timestamp":"2013-04-20T05:52:34.293Z"}
{"level":"info","message":"| 1","timestamp":"2013-04-20T05:52:34.294Z"}
{"level":"info","message":"| 2","timestamp":"2013-04-20T05:52:34.296Z"}
{"level":"info","message":"roster: bashers","timestamp":"2013-04-20T05:52:34.296Z"}
{"level":"info","message":"after total find","timestamp":"2013-04-20T05:52:34.298Z"}
{"level":"info","message":"hey: 107.5","timestamp":"2013-04-20T05:52:34.301Z"}
{"level":"info","message":"| 1","timestamp":"2013-04-20T05:52:34.301Z"}
{"level":"info","message":"| 2","timestamp":"2013-04-20T05:52:34.302Z"}
{"level":"info","message":"roster: hooters","timestamp":"2013-04-20T05:52:34.302Z"}
{"level":"info","message":"after total find","timestamp":"2013-04-20T05:52:34.303Z"}
{"level":"info","message":"hey: 18.5","timestamp":"2013-04-20T05:52:34.308Z"}
{"level":"info","message":"| 1","timestamp":"2013-04-20T05:52:34.308Z"}
{"level":"info","message":"| 2","timestamp":"2013-04-20T05:52:34.309Z"}
{"level":"info","message":"roster: mashers","timestamp":"2013-04-20T05:52:34.309Z"}
{"level":"info","message":"after total find","timestamp":"2013-04-20T05:52:34.309Z"}
{"level":"info","message":"hey: 211.2","timestamp":"2013-04-20T05:53:42.736Z"}
{"level":"info","message":"| 1","timestamp":"2013-04-20T05:53:42.737Z"}
{"level":"info","message":"| 2","timestamp":"2013-04-20T05:53:42.739Z"}
{"level":"info","message":"roster: bashers","timestamp":"2013-04-20T05:53:42.739Z"}
{"level":"info","message":"after total find","timestamp":"2013-04-20T05:53:42.740Z"}
{"level":"info","message":"hey: 107.5","timestamp":"2013-04-20T05:53:42.743Z"}
{"level":"info","message":"| 1","timestamp":"2013-04-20T05:53:42.743Z"}
{"level":"info","message":"| 2","timestamp":"2013-04-20T05:53:42.746Z"}
{"level":"info","message":"roster: hooters","timestamp":"2013-04-20T05:53:42.746Z"}
{"level":"info","message":"after total find","timestamp":"2013-04-20T05:53:42.746Z"}
{"level":"info","message":"hey: 18.5","timestamp":"2013-04-20T05:53:42.751Z"}
{"level":"info","message":"| 1","timestamp":"2013-04-20T05:53:42.751Z"}
{"level":"info","message":"| 2","timestamp":"2013-04-20T05:53:42.751Z"}
{"level":"info","message":"roster: mashers","timestamp":"2013-04-20T05:53:42.751Z"}
{"level":"info","message":"after total find","timestamp":"2013-04-20T05:53:42.753Z"}
{"level":"info","message":"hey: 211.2","timestamp":"2013-04-20T05:54:32.854Z"}
{"level":"info","message":"| 1","timestamp":"2013-04-20T05:54:32.855Z"}
{"level":"info","message":"| 2","timestamp":"2013-04-20T05:54:32.858Z"}
{"level":"info","message":"roster: bashers","timestamp":"2013-04-20T05:54:32.858Z"}
{"level":"info","message":"after total find","timestamp":"2013-04-20T05:54:32.860Z"}
{"level":"info","message":"hey: 211.2","timestamp":"2013-04-20T05:56:25.374Z"}
{"level":"info","message":"| 1","timestamp":"2013-04-20T05:56:25.375Z"}
{"level":"info","message":"| 2","timestamp":"2013-04-20T05:56:25.377Z"}
{"level":"info","message":"roster: bashers","timestamp":"2013-04-20T05:56:25.378Z"}
{"level":"info","message":"after total find","timestamp":"2013-04-20T05:56:25.380Z"}
{"level":"info","message":"hey: 107.5","timestamp":"2013-04-20T05:56:25.385Z"}
{"level":"info","message":"| 1","timestamp":"2013-04-20T05:56:25.385Z"}
{"level":"info","message":"| 2","timestamp":"2013-04-20T05:56:25.386Z"}
{"level":"info","message":"roster: hooters","timestamp":"2013-04-20T05:56:25.386Z"}
{"level":"info","message":"after total find","timestamp":"2013-04-20T05:56:25.386Z"}
{"level":"info","message":"hey: 18.5","timestamp":"2013-04-20T05:56:25.392Z"}
{"level":"info","message":"| 1","timestamp":"2013-04-20T05:56:25.392Z"}
{"level":"info","message":"| 2","timestamp":"2013-04-20T05:56:25.392Z"}
{"level":"info","message":"roster: mashers","timestamp":"2013-04-20T05:56:25.393Z"}
{"level":"info","message":"after total find","timestamp":"2013-04-20T05:56:25.393Z"}
{"level":"info","message":"hey: 28.5","timestamp":"2013-04-20T05:56:25.395Z"}
{"level":"info","message":"| 1","timestamp":"2013-04-20T05:56:25.396Z"}
{"level":"info","message":"| 2","timestamp":"2013-04-20T05:56:25.396Z"}
{"level":"info","message":"roster: stallions","timestamp":"2013-04-20T05:56:25.396Z"}
{"level":"info","message":"after total find","timestamp":"2013-04-20T05:56:25.396Z"}
{"level":"info","message":"hey: 211.2","timestamp":"2013-04-20T05:56:55.916Z"}
{"level":"info","message":"| 1","timestamp":"2013-04-20T05:56:55.916Z"}
{"level":"info","message":"| 2","timestamp":"2013-04-20T05:56:55.918Z"}
{"level":"info","message":"roster: bashers","timestamp":"2013-04-20T05:56:55.918Z"}
{"level":"info","message":"after total find","timestamp":"2013-04-20T05:56:55.921Z"}
{"level":"info","message":"hey: 107.5","timestamp":"2013-04-20T05:56:55.925Z"}
{"level":"info","message":"| 1","timestamp":"2013-04-20T05:56:55.926Z"}
{"level":"info","message":"| 2","timestamp":"2013-04-20T05:56:55.926Z"}
{"level":"info","message":"roster: hooters","timestamp":"2013-04-20T05:56:55.927Z"}
{"level":"info","message":"after total find","timestamp":"2013-04-20T05:56:55.927Z"}
{"level":"info","message":"hey: 18.5","timestamp":"2013-04-20T05:56:55.932Z"}
{"level":"info","message":"| 1","timestamp":"2013-04-20T05:56:55.933Z"}
{"level":"info","message":"| 2","timestamp":"2013-04-20T05:56:55.933Z"}
{"level":"info","message":"roster: mashers","timestamp":"2013-04-20T05:56:55.933Z"}
{"level":"info","message":"after total find","timestamp":"2013-04-20T05:56:55.933Z"}
{"level":"info","message":"hey: 211.2","timestamp":"2013-04-20T05:58:43.591Z"}
{"level":"info","message":"| 1","timestamp":"2013-04-20T05:58:43.592Z"}
{"level":"info","message":"| 2","timestamp":"2013-04-20T05:58:43.594Z"}
{"level":"info","message":"roster: bashers","timestamp":"2013-04-20T05:58:43.594Z"}
{"level":"info","message":"after total find","timestamp":"2013-04-20T05:58:43.594Z"}
{"level":"info","message":"totals do not need updating","timestamp":"2013-04-20T06:06:45.247Z"}
{"level":"info","message":"1","timestamp":"2013-04-22T07:32:42.554Z"}
{"level":"info","message":{"roster":"hooters","total":119.5,"battersTotal":44.5,"startersTotal":75,"closersTotal":0,"_id":"5174e79a3e16f7892a000004","date":"2013-04-22T07:32:42.543Z"},"timestamp":"2013-04-22T07:32:42.557Z"}
{"level":"info","message":"2","timestamp":"2013-04-22T07:32:42.557Z"}
{"level":"info","message":{"roster":"hooters","total":119.5,"battersTotal":44.5,"startersTotal":75,"closersTotal":0,"_id":"51722eefb9645f8364000013","__v":0,"date":"2013-04-20T06:00:15.707Z"},"timestamp":"2013-04-22T07:32:42.557Z"}
{"level":"info","message":"3","timestamp":"2013-04-22T07:32:42.558Z"}
{"level":"info","message":"totals do not need updating","timestamp":"2013-04-22T07:32:42.558Z"}
{"level":"info","message":"1","timestamp":"2013-04-22T07:32:42.565Z"}
{"level":"info","message":{"roster":"bashers","total":221.2,"battersTotal":29.5,"startersTotal":129.5,"closersTotal":62.2,"_id":"5174e79a3e16f7892a000003","date":"2013-04-22T07:32:42.525Z"},"timestamp":"2013-04-22T07:32:42.566Z"}
{"level":"info","message":"2","timestamp":"2013-04-22T07:32:42.566Z"}
{"level":"info","message":{"roster":"bashers","total":221.2,"battersTotal":29.5,"startersTotal":129.5,"closersTotal":62.2,"_id":"51722eefb9645f8364000012","__v":0,"date":"2013-04-20T06:00:15.702Z"},"timestamp":"2013-04-22T07:32:42.567Z"}
{"level":"info","message":"3","timestamp":"2013-04-22T07:32:42.567Z"}
{"level":"info","message":"totals do not need updating","timestamp":"2013-04-22T07:32:42.567Z"}
{"level":"info","message":"1","timestamp":"2013-04-23T04:27:36.021Z"}
{"level":"info","message":{"roster":"stallions","total":40.5,"battersTotal":40.5,"startersTotal":0,"closersTotal":0,"_id":"51760db7bbd6e5e148000004","date":"2013-04-23T04:27:35.979Z"},"timestamp":"2013-04-23T04:27:36.025Z"}
{"level":"info","message":"2","timestamp":"2013-04-23T04:27:36.026Z"}
{"level":"info","message":{"roster":"stallions","total":40.5,"battersTotal":40.5,"startersTotal":0,"closersTotal":0,"_id":"51722eefb9645f8364000015","__v":0,"date":"2013-04-20T06:00:15.734Z"},"timestamp":"2013-04-23T04:27:36.027Z"}
{"level":"info","message":"3","timestamp":"2013-04-23T04:27:36.027Z"}
{"level":"info","message":"totals do not need updating","timestamp":"2013-04-23T04:27:36.028Z"}
{"level":"info","message":"1","timestamp":"2013-04-23T04:27:36.035Z"}
{"level":"info","message":{"roster":"rallycaps","total":0,"battersTotal":0,"startersTotal":35.5,"closersTotal":0,"_id":"51760db7bbd6e5e148000003","date":"2013-04-23T04:27:35.973Z"},"timestamp":"2013-04-23T04:27:36.037Z"}
{"level":"info","message":"2","timestamp":"2013-04-23T04:27:36.037Z"}
{"level":"info","message":{"roster":"rallycaps","total":0,"battersTotal":0,"startersTotal":35.5,"closersTotal":0,"_id":"51722eefb9645f8364000016","__v":0,"date":"2013-04-20T06:00:15.749Z"},"timestamp":"2013-04-23T04:27:36.038Z"}
{"level":"info","message":"3","timestamp":"2013-04-23T04:27:36.039Z"}
{"level":"info","message":"totals do not need updating","timestamp":"2013-04-23T04:27:36.039Z"}
{"level":"info","message":"1","timestamp":"2013-04-23T04:27:36.050Z"}
{"level":"info","message":{"roster":"bashers","total":221.2,"battersTotal":29.5,"startersTotal":129.5,"closersTotal":62.2,"_id":"51760db7bbd6e5e148000006","date":"2013-04-23T04:27:35.996Z"},"timestamp":"2013-04-23T04:27:36.052Z"}
{"level":"info","message":"2","timestamp":"2013-04-23T04:27:36.053Z"}
{"level":"info","message":{"roster":"bashers","total":221.2,"battersTotal":29.5,"startersTotal":129.5,"closersTotal":62.2,"_id":"51722eefb9645f8364000012","__v":0,"date":"2013-04-20T06:00:15.702Z"},"timestamp":"2013-04-23T04:27:36.054Z"}
{"level":"info","message":"3","timestamp":"2013-04-23T04:27:36.054Z"}
{"level":"info","message":"totals do not need updating","timestamp":"2013-04-23T04:27:36.055Z"}
{"level":"info","message":"1","timestamp":"2013-04-23T04:27:36.062Z"}
{"level":"info","message":{"roster":"hooters","total":119.5,"battersTotal":44.5,"startersTotal":75,"closersTotal":0,"_id":"51760db7bbd6e5e148000005","date":"2013-04-23T04:27:35.984Z"},"timestamp":"2013-04-23T04:27:36.063Z"}
{"level":"info","message":"2","timestamp":"2013-04-23T04:27:36.064Z"}
{"level":"info","message":{"roster":"hooters","total":119.5,"battersTotal":44.5,"startersTotal":75,"closersTotal":0,"_id":"51722eefb9645f8364000013","__v":0,"date":"2013-04-20T06:00:15.707Z"},"timestamp":"2013-04-23T04:27:36.065Z"}
{"level":"info","message":"3","timestamp":"2013-04-23T04:27:36.066Z"}
{"level":"info","message":"totals do not need updating","timestamp":"2013-04-23T04:27:36.066Z"}
{"level":"info","message":"1","timestamp":"2013-04-23T04:27:36.074Z"}
{"level":"info","message":{"roster":"mashers","total":29.5,"battersTotal":29.5,"startersTotal":0,"closersTotal":0,"_id":"51760db8bbd6e5e148000007","date":"2013-04-23T04:27:36.010Z"},"timestamp":"2013-04-23T04:27:36.075Z"}
{"level":"info","message":"2","timestamp":"2013-04-23T04:27:36.075Z"}
{"level":"info","message":{"roster":"mashers","total":29.5,"battersTotal":29.5,"startersTotal":0,"closersTotal":0,"_id":"51722eefb9645f8364000014","__v":0,"date":"2013-04-20T06:00:15.728Z"},"timestamp":"2013-04-23T04:27:36.077Z"}
{"level":"info","message":"3","timestamp":"2013-04-23T04:27:36.078Z"}
{"level":"info","message":"totals do not need updating","timestamp":"2013-04-23T04:27:36.078Z"}
{"level":"info","message":"1","timestamp":"2013-04-24T06:10:56.465Z"}
{"level":"info","message":{"roster":"stallions","total":40.5,"battersTotal":40.5,"startersTotal":0,"closersTotal":0,"_id":"517777705b90a1db11000007","date":"2013-04-24T06:10:56.453Z"},"timestamp":"2013-04-24T06:10:56.468Z"}
{"level":"info","message":"2","timestamp":"2013-04-24T06:10:56.468Z"}
{"level":"info","message":{"roster":"stallions","total":40.5,"battersTotal":40.5,"startersTotal":0,"closersTotal":0,"_id":"51722eefb9645f8364000015","__v":0,"date":"2013-04-20T06:00:15.734Z"},"timestamp":"2013-04-24T06:10:56.469Z"}
{"level":"info","message":"3","timestamp":"2013-04-24T06:10:56.469Z"}
{"level":"info","message":"totals do not need updating","timestamp":"2013-04-24T06:10:56.469Z"}
{"level":"info","message":"1","timestamp":"2013-04-24T06:10:56.476Z"}
{"level":"info","message":{"roster":"bashers","total":221.2,"battersTotal":29.5,"startersTotal":129.5,"closersTotal":62.2,"_id":"517777705b90a1db11000006","date":"2013-04-24T06:10:56.451Z"},"timestamp":"2013-04-24T06:10:56.477Z"}
{"level":"info","message":"2","timestamp":"2013-04-24T06:10:56.478Z"}
{"level":"info","message":{"roster":"bashers","total":221.2,"battersTotal":29.5,"startersTotal":129.5,"closersTotal":62.2,"_id":"51722eefb9645f8364000012","__v":0,"date":"2013-04-20T06:00:15.702Z"},"timestamp":"2013-04-24T06:10:56.478Z"}
{"level":"info","message":"3","timestamp":"2013-04-24T06:10:56.478Z"}
{"level":"info","message":"totals do not need updating","timestamp":"2013-04-24T06:10:56.478Z"}
{"level":"info","message":"1","timestamp":"2013-04-24T06:10:56.486Z"}
{"level":"info","message":{"roster":"hooters","total":119.5,"battersTotal":44.5,"startersTotal":75,"closersTotal":0,"_id":"517777705b90a1db11000004","date":"2013-04-24T06:10:56.442Z"},"timestamp":"2013-04-24T06:10:56.486Z"}
{"level":"info","message":"2","timestamp":"2013-04-24T06:10:56.486Z"}
{"level":"info","message":{"roster":"hooters","total":119.5,"battersTotal":44.5,"startersTotal":75,"closersTotal":0,"_id":"51722eefb9645f8364000013","__v":0,"date":"2013-04-20T06:00:15.707Z"},"timestamp":"2013-04-24T06:10:56.487Z"}
{"level":"info","message":"3","timestamp":"2013-04-24T06:10:56.487Z"}
{"level":"info","message":"totals do not need updating","timestamp":"2013-04-24T06:10:56.487Z"}
{"level":"info","message":"1","timestamp":"2013-04-24T06:10:56.494Z"}
{"level":"info","message":{"roster":"mashers","total":29.5,"battersTotal":29.5,"startersTotal":0,"closersTotal":0,"_id":"517777705b90a1db11000005","date":"2013-04-24T06:10:56.446Z"},"timestamp":"2013-04-24T06:10:56.495Z"}
{"level":"info","message":"2","timestamp":"2013-04-24T06:10:56.495Z"}
{"level":"info","message":{"roster":"mashers","total":29.5,"battersTotal":29.5,"startersTotal":0,"closersTotal":0,"_id":"51722eefb9645f8364000014","__v":0,"date":"2013-04-20T06:00:15.728Z"},"timestamp":"2013-04-24T06:10:56.496Z"}
{"level":"info","message":"3","timestamp":"2013-04-24T06:10:56.496Z"}
{"level":"info","message":"totals do not need updating","timestamp":"2013-04-24T06:10:56.496Z"}
{"level":"info","message":"1","timestamp":"2013-04-24T06:10:56.505Z"}
{"level":"info","message":{"roster":"rallycaps","total":0,"battersTotal":0,"startersTotal":35.5,"closersTotal":0,"_id":"517777705b90a1db11000003","date":"2013-04-24T06:10:56.437Z"},"timestamp":"2013-04-24T06:10:56.507Z"}
{"level":"info","message":"2","timestamp":"2013-04-24T06:10:56.507Z"}
{"level":"info","message":{"roster":"rallycaps","total":0,"battersTotal":0,"startersTotal":35.5,"closersTotal":0,"_id":"51722eefb9645f8364000016","__v":0,"date":"2013-04-20T06:00:15.749Z"},"timestamp":"2013-04-24T06:10:56.509Z"}
{"level":"info","message":"3","timestamp":"2013-04-24T06:10:56.509Z"}
{"level":"info","message":"totals do not need updating","timestamp":"2013-04-24T06:10:56.509Z"}
{"level":"info","message":"1","timestamp":"2013-04-24T06:46:56.684Z"}
{"level":"info","message":{"roster":"bashers","total":221.2,"battersTotal":29.5,"startersTotal":129.5,"closersTotal":62.2,"_id":"51777fe08769a91613000003","date":"2013-04-24T06:46:56.634Z"},"timestamp":"2013-04-24T06:46:56.688Z"}
{"level":"info","message":"2","timestamp":"2013-04-24T06:46:56.688Z"}
{"level":"info","message":{"roster":"bashers","total":221.2,"battersTotal":29.5,"startersTotal":129.5,"closersTotal":62.2,"_id":"51722eefb9645f8364000012","__v":0,"date":"2013-04-20T06:00:15.702Z"},"timestamp":"2013-04-24T06:46:56.690Z"}
{"level":"info","message":"3","timestamp":"2013-04-24T06:46:56.690Z"}
{"level":"info","message":"totals do not need updating","timestamp":"2013-04-24T06:46:56.691Z"}
{"level":"info","message":"1","timestamp":"2013-04-24T06:46:56.698Z"}
{"level":"info","message":{"roster":"hooters","total":119.5,"battersTotal":44.5,"startersTotal":75,"closersTotal":0,"_id":"51777fe08769a91613000004","date":"2013-04-24T06:46:56.662Z"},"timestamp":"2013-04-24T06:46:56.699Z"}
{"level":"info","message":"2","timestamp":"2013-04-24T06:46:56.700Z"}
{"level":"info","message":{"roster":"hooters","total":119.5,"battersTotal":44.5,"startersTotal":75,"closersTotal":0,"_id":"51722eefb9645f8364000013","__v":0,"date":"2013-04-20T06:00:15.707Z"},"timestamp":"2013-04-24T06:46:56.701Z"}
{"level":"info","message":"3","timestamp":"2013-04-24T06:46:56.701Z"}
{"level":"info","message":"totals do not need updating","timestamp":"2013-04-24T06:46:56.702Z"}
{"level":"info","message":"1","timestamp":"2013-04-24T06:46:56.711Z"}
{"level":"info","message":{"roster":"mashers","total":29.5,"battersTotal":29.5,"startersTotal":0,"closersTotal":0,"_id":"51777fe08769a91613000005","date":"2013-04-24T06:46:56.667Z"},"timestamp":"2013-04-24T06:46:56.712Z"}
{"level":"info","message":"2","timestamp":"2013-04-24T06:46:56.712Z"}
{"level":"info","message":{"roster":"mashers","total":29.5,"battersTotal":29.5,"startersTotal":0,"closersTotal":0,"_id":"51722eefb9645f8364000014","__v":0,"date":"2013-04-20T06:00:15.728Z"},"timestamp":"2013-04-24T06:46:56.713Z"}
{"level":"info","message":"3","timestamp":"2013-04-24T06:46:56.714Z"}
{"level":"info","message":"totals do not need updating","timestamp":"2013-04-24T06:46:56.714Z"}
{"level":"info","message":"1","timestamp":"2013-04-24T06:46:56.725Z"}
{"level":"info","message":{"roster":"stallions","total":40.5,"battersTotal":40.5,"startersTotal":0,"closersTotal":0,"_id":"51777fe08769a91613000006","date":"2013-04-24T06:46:56.673Z"},"timestamp":"2013-04-24T06:46:56.726Z"}
{"level":"info","message":"2","timestamp":"2013-04-24T06:46:56.727Z"}
{"level":"info","message":{"roster":"stallions","total":40.5,"battersTotal":40.5,"startersTotal":0,"closersTotal":0,"_id":"51722eefb9645f8364000015","__v":0,"date":"2013-04-20T06:00:15.734Z"},"timestamp":"2013-04-24T06:46:56.728Z"}
{"level":"info","message":"3","timestamp":"2013-04-24T06:46:56.728Z"}
{"level":"info","message":"totals do not need updating","timestamp":"2013-04-24T06:46:56.729Z"}
{"level":"info","message":"1","timestamp":"2013-04-25T05:01:19.887Z"}
{"level":"info","message":{"roster":"rallycaps","total":0,"battersTotal":0,"startersTotal":35.5,"closersTotal":0,"_id":"5178b89f61f2321031000007","date":"2013-04-25T05:01:19.873Z"},"timestamp":"2013-04-25T05:01:19.890Z"}
{"level":"info","message":"2","timestamp":"2013-04-25T05:01:19.891Z"}
{"level":"info","message":{"roster":"rallycaps","total":0,"battersTotal":0,"startersTotal":35.5,"closersTotal":0,"_id":"51722eefb9645f8364000016","__v":0,"date":"2013-04-20T06:00:15.749Z"},"timestamp":"2013-04-25T05:01:19.892Z"}
{"level":"info","message":"3","timestamp":"2013-04-25T05:01:19.892Z"}
{"level":"info","message":"totals do not need updating","timestamp":"2013-04-25T05:01:19.892Z"}
{"level":"info","message":"1","timestamp":"2013-04-25T05:01:19.899Z"}
{"level":"info","message":{"roster":"mashers","total":29.5,"battersTotal":29.5,"startersTotal":0,"closersTotal":0,"_id":"5178b89f61f2321031000006","date":"2013-04-25T05:01:19.870Z"},"timestamp":"2013-04-25T05:01:19.899Z"}
{"level":"info","message":"2","timestamp":"2013-04-25T05:01:19.900Z"}
{"level":"info","message":{"roster":"mashers","total":29.5,"battersTotal":29.5,"startersTotal":0,"closersTotal":0,"_id":"51722eefb9645f8364000014","__v":0,"date":"2013-04-20T06:00:15.728Z"},"timestamp":"2013-04-25T05:01:19.900Z"}
{"level":"info","message":"3","timestamp":"2013-04-25T05:01:19.900Z"}
{"level":"info","message":"totals do not need updating","timestamp":"2013-04-25T05:01:19.900Z"}
{"level":"info","message":"1","timestamp":"2013-04-25T05:01:19.910Z"}
{"level":"info","message":{"roster":"hooters","total":119.5,"battersTotal":44.5,"startersTotal":75,"closersTotal":0,"_id":"5178b89f61f2321031000003","date":"2013-04-25T05:01:19.856Z"},"timestamp":"2013-04-25T05:01:19.911Z"}
{"level":"info","message":"2","timestamp":"2013-04-25T05:01:19.911Z"}
{"level":"info","message":{"roster":"hooters","total":119.5,"battersTotal":44.5,"startersTotal":75,"closersTotal":0,"_id":"51722eefb9645f8364000013","__v":0,"date":"2013-04-20T06:00:15.707Z"},"timestamp":"2013-04-25T05:01:19.911Z"}
{"level":"info","message":"3","timestamp":"2013-04-25T05:01:19.912Z"}
{"level":"info","message":"totals do not need updating","timestamp":"2013-04-25T05:01:19.912Z"}
{"level":"info","message":"1","timestamp":"2013-04-25T05:01:19.921Z"}
{"level":"info","message":{"roster":"bashers","total":221.2,"battersTotal":29.5,"startersTotal":129.5,"closersTotal":62.2,"_id":"5178b89f61f2321031000005","date":"2013-04-25T05:01:19.866Z"},"timestamp":"2013-04-25T05:01:19.927Z"}
{"level":"info","message":"2","timestamp":"2013-04-25T05:01:19.928Z"}
{"level":"info","message":{"roster":"bashers","total":221.2,"battersTotal":29.5,"startersTotal":129.5,"closersTotal":62.2,"_id":"51722eefb9645f8364000012","__v":0,"date":"2013-04-20T06:00:15.702Z"},"timestamp":"2013-04-25T05:01:19.929Z"}
{"level":"info","message":"3","timestamp":"2013-04-25T05:01:19.929Z"}
{"level":"info","message":"totals do not need updating","timestamp":"2013-04-25T05:01:19.929Z"}
{"level":"info","message":"1","timestamp":"2013-04-25T05:01:19.943Z"}
{"level":"info","message":{"roster":"stallions","total":40.5,"battersTotal":40.5,"startersTotal":0,"closersTotal":0,"_id":"5178b89f61f2321031000004","date":"2013-04-25T05:01:19.863Z"},"timestamp":"2013-04-25T05:01:19.945Z"}
{"level":"info","message":"2","timestamp":"2013-04-25T05:01:19.946Z"}
{"level":"info","message":{"roster":"stallions","total":40.5,"battersTotal":40.5,"startersTotal":0,"closersTotal":0,"_id":"51722eefb9645f8364000015","__v":0,"date":"2013-04-20T06:00:15.734Z"},"timestamp":"2013-04-25T05:01:19.947Z"}
{"level":"info","message":"3","timestamp":"2013-04-25T05:01:19.948Z"}
{"level":"info","message":"totals do not need updating","timestamp":"2013-04-25T05:01:19.948Z"}
{"level":"info","message":"1","timestamp":"2013-04-26T04:05:55.255Z"}
{"level":"info","message":{"roster":"hooters","total":119.5,"battersTotal":44.5,"startersTotal":75,"closersTotal":0,"_id":"5179fd2396fc60f048000004","date":"2013-04-26T04:05:55.082Z"},"timestamp":"2013-04-26T04:05:55.257Z"}
{"level":"info","message":"2","timestamp":"2013-04-26T04:05:55.258Z"}
{"level":"info","message":{"roster":"hooters","total":119.5,"battersTotal":44.5,"startersTotal":75,"closersTotal":0,"_id":"51722eefb9645f8364000013","__v":0,"date":"2013-04-20T06:00:15.707Z"},"timestamp":"2013-04-26T04:05:55.259Z"}
{"level":"info","message":"3","timestamp":"2013-04-26T04:05:55.259Z"}
{"level":"info","message":"totals do not need updating","timestamp":"2013-04-26T04:05:55.259Z"}
{"level":"info","message":"1","timestamp":"2013-04-26T04:05:55.267Z"}
{"level":"info","message":{"roster":"stallions","total":40.5,"battersTotal":40.5,"startersTotal":0,"closersTotal":0,"_id":"5179fd2396fc60f048000003","date":"2013-04-26T04:05:55.074Z"},"timestamp":"2013-04-26T04:05:55.268Z"}
{"level":"info","message":"2","timestamp":"2013-04-26T04:05:55.268Z"}
{"level":"info","message":{"roster":"stallions","total":40.5,"battersTotal":40.5,"startersTotal":0,"closersTotal":0,"_id":"51722eefb9645f8364000015","__v":0,"date":"2013-04-20T06:00:15.734Z"},"timestamp":"2013-04-26T04:05:55.268Z"}
{"level":"info","message":"3","timestamp":"2013-04-26T04:05:55.268Z"}
{"level":"info","message":"totals do not need updating","timestamp":"2013-04-26T04:05:55.268Z"}
{"level":"info","message":"1","timestamp":"2013-04-26T04:05:55.276Z"}
{"level":"info","message":{"roster":"mashers","total":29.5,"battersTotal":29.5,"startersTotal":0,"closersTotal":0,"_id":"5179fd2396fc60f048000006","date":"2013-04-26T04:05:55.206Z"},"timestamp":"2013-04-26T04:05:55.276Z"}
{"level":"info","message":"2","timestamp":"2013-04-26T04:05:55.277Z"}
{"level":"info","message":{"roster":"mashers","total":29.5,"battersTotal":29.5,"startersTotal":0,"closersTotal":0,"_id":"51722eefb9645f8364000014","__v":0,"date":"2013-04-20T06:00:15.728Z"},"timestamp":"2013-04-26T04:05:55.277Z"}
{"level":"info","message":"3","timestamp":"2013-04-26T04:05:55.277Z"}
{"level":"info","message":"totals do not need updating","timestamp":"2013-04-26T04:05:55.277Z"}
{"level":"info","message":"1","timestamp":"2013-04-26T04:05:55.284Z"}
{"level":"info","message":{"roster":"bashers","total":221.2,"battersTotal":29.5,"startersTotal":129.5,"closersTotal":62.2,"_id":"5179fd2396fc60f048000005","date":"2013-04-26T04:05:55.168Z"},"timestamp":"2013-04-26T04:05:55.285Z"}
{"level":"info","message":"2","timestamp":"2013-04-26T04:05:55.285Z"}
{"level":"info","message":{"roster":"bashers","total":221.2,"battersTotal":29.5,"startersTotal":129.5,"closersTotal":62.2,"_id":"51722eefb9645f8364000012","__v":0,"date":"2013-04-20T06:00:15.702Z"},"timestamp":"2013-04-26T04:05:55.285Z"}
{"level":"info","message":"3","timestamp":"2013-04-26T04:05:55.286Z"}
{"level":"info","message":"totals do not need updating","timestamp":"2013-04-26T04:05:55.286Z"}
{"level":"info","message":"1","timestamp":"2013-04-26T06:59:57.736Z"}
{"level":"info","message":{"roster":"bashers","total":221.2,"battersTotal":29.5,"startersTotal":129.5,"closersTotal":62.2,"_id":"517a25ed84228f9f4c000003","date":"2013-04-26T06:59:57.717Z"},"timestamp":"2013-04-26T06:59:57.740Z"}
{"level":"info","message":"2","timestamp":"2013-04-26T06:59:57.740Z"}
{"level":"info","message":{"roster":"bashers","total":221.2,"battersTotal":29.5,"startersTotal":129.5,"closersTotal":62.2,"_id":"51722eefb9645f8364000012","__v":0,"date":"2013-04-20T06:00:15.702Z"},"timestamp":"2013-04-26T06:59:57.741Z"}
{"level":"info","message":"3","timestamp":"2013-04-26T06:59:57.741Z"}
{"level":"info","message":"totals do not need updating","timestamp":"2013-04-26T06:59:57.742Z"}
{"level":"info","message":"1","timestamp":"2013-04-26T06:59:57.749Z"}
{"level":"info","message":{"roster":"hooters","total":119.5,"battersTotal":44.5,"startersTotal":75,"closersTotal":0,"_id":"517a25ed84228f9f4c000004","date":"2013-04-26T06:59:57.726Z"},"timestamp":"2013-04-26T06:59:57.750Z"}
{"level":"info","message":"2","timestamp":"2013-04-26T06:59:57.750Z"}
{"level":"info","message":{"roster":"hooters","total":119.5,"battersTotal":44.5,"startersTotal":75,"closersTotal":0,"_id":"51722eefb9645f8364000013","__v":0,"date":"2013-04-20T06:00:15.707Z"},"timestamp":"2013-04-26T06:59:57.751Z"}
{"level":"info","message":"3","timestamp":"2013-04-26T06:59:57.752Z"}
{"level":"info","message":"totals do not need updating","timestamp":"2013-04-26T06:59:57.752Z"}
{"level":"info","message":"1","timestamp":"2013-04-26T07:00:36.150Z"}
{"level":"info","message":{"roster":"bashers","total":221.2,"battersTotal":29.5,"startersTotal":129.5,"closersTotal":62.2,"_id":"517a2614464770d34c000003","date":"2013-04-26T07:00:36.133Z"},"timestamp":"2013-04-26T07:00:36.154Z"}
{"level":"info","message":"2","timestamp":"2013-04-26T07:00:36.155Z"}
{"level":"info","message":{"roster":"bashers","total":221.2,"battersTotal":29.5,"startersTotal":129.5,"closersTotal":62.2,"_id":"51722eefb9645f8364000012","__v":0,"date":"2013-04-20T06:00:15.702Z"},"timestamp":"2013-04-26T07:00:36.156Z"}
{"level":"info","message":"3","timestamp":"2013-04-26T07:00:36.156Z"}
{"level":"info","message":"totals do not need updating","timestamp":"2013-04-26T07:00:36.156Z"}
{"level":"info","message":"1","timestamp":"2013-04-26T07:00:36.163Z"}
{"level":"info","message":{"roster":"hooters","total":119.5,"battersTotal":44.5,"startersTotal":75,"closersTotal":0,"_id":"517a2614464770d34c000004","date":"2013-04-26T07:00:36.141Z"},"timestamp":"2013-04-26T07:00:36.164Z"}
{"level":"info","message":"2","timestamp":"2013-04-26T07:00:36.165Z"}
{"level":"info","message":{"roster":"hooters","total":119.5,"battersTotal":44.5,"startersTotal":75,"closersTotal":0,"_id":"51722eefb9645f8364000013","__v":0,"date":"2013-04-20T06:00:15.707Z"},"timestamp":"2013-04-26T07:00:36.166Z"}
{"level":"info","message":"3","timestamp":"2013-04-26T07:00:36.166Z"}
{"level":"info","message":"totals do not need updating","timestamp":"2013-04-26T07:00:36.167Z"}
{"level":"info","message":"1","timestamp":"2013-04-26T07:02:00.336Z"}
{"level":"info","message":{"roster":"bashers","total":221.2,"battersTotal":29.5,"startersTotal":129.5,"closersTotal":62.2,"_id":"517a26684a76fee84c000003","date":"2013-04-26T07:02:00.311Z"},"timestamp":"2013-04-26T07:02:00.340Z"}
{"level":"info","message":"2","timestamp":"2013-04-26T07:02:00.340Z"}
{"level":"info","message":{"roster":"bashers","total":221.2,"battersTotal":29.5,"startersTotal":129.5,"closersTotal":62.2,"_id":"51722eefb9645f8364000012","__v":0,"date":"2013-04-20T06:00:15.702Z"},"timestamp":"2013-04-26T07:02:00.341Z"}
{"level":"info","message":"3","timestamp":"2013-04-26T07:02:00.341Z"}
{"level":"info","message":"totals do not need updating","timestamp":"2013-04-26T07:02:00.342Z"}
{"level":"info","message":"1","timestamp":"2013-04-26T07:02:00.349Z"}
{"level":"info","message":{"roster":"hooters","total":119.5,"battersTotal":44.5,"startersTotal":75,"closersTotal":0,"_id":"517a26684a76fee84c000004","date":"2013-04-26T07:02:00.317Z"},"timestamp":"2013-04-26T07:02:00.350Z"}
{"level":"info","message":"2","timestamp":"2013-04-26T07:02:00.350Z"}
{"level":"info","message":{"roster":"hooters","total":119.5,"battersTotal":44.5,"startersTotal":75,"closersTotal":0,"_id":"51722eefb9645f8364000013","__v":0,"date":"2013-04-20T06:00:15.707Z"},"timestamp":"2013-04-26T07:02:00.351Z"}
{"level":"info","message":"3","timestamp":"2013-04-26T07:02:00.351Z"}
{"level":"info","message":"totals do not need updating","timestamp":"2013-04-26T07:02:00.351Z"}
{"level":"info","message":"1","timestamp":"2013-04-26T07:02:00.358Z"}
{"level":"info","message":{"roster":"mashers","total":29.5,"battersTotal":29.5,"startersTotal":0,"closersTotal":0,"_id":"517a26684a76fee84c000005","date":"2013-04-26T07:02:00.321Z"},"timestamp":"2013-04-26T07:02:00.359Z"}
{"level":"info","message":"2","timestamp":"2013-04-26T07:02:00.359Z"}
{"level":"info","message":{"roster":"mashers","total":29.5,"battersTotal":29.5,"startersTotal":0,"closersTotal":0,"_id":"51722eefb9645f8364000014","__v":0,"date":"2013-04-20T06:00:15.728Z"},"timestamp":"2013-04-26T07:02:00.360Z"}
{"level":"info","message":"3","timestamp":"2013-04-26T07:02:00.360Z"}
{"level":"info","message":"totals do not need updating","timestamp":"2013-04-26T07:02:00.360Z"}
{"level":"info","message":"1","timestamp":"2013-04-26T07:02:00.368Z"}
{"level":"info","message":{"roster":"stallions","total":40.5,"battersTotal":40.5,"startersTotal":0,"closersTotal":0,"_id":"517a26684a76fee84c000006","date":"2013-04-26T07:02:00.327Z"},"timestamp":"2013-04-26T07:02:00.369Z"}
{"level":"info","message":"2","timestamp":"2013-04-26T07:02:00.369Z"}
{"level":"info","message":{"roster":"stallions","total":40.5,"battersTotal":40.5,"startersTotal":0,"closersTotal":0,"_id":"51722eefb9645f8364000015","__v":0,"date":"2013-04-20T06:00:15.734Z"},"timestamp":"2013-04-26T07:02:00.370Z"}
{"level":"info","message":"3","timestamp":"2013-04-26T07:02:00.370Z"}
{"level":"info","message":"totals do not need updating","timestamp":"2013-04-26T07:02:00.370Z"}
